# JRE version: OpenJDK Runtime Environment Temurin-11.0.13+8 (11.0.13+8) (build 11.0.13+8)
# Java VM: OpenJDK 64-Bit Server VM Temurin-11.0.13+8 (11.0.13+8, mixed mode, tiered, compressed oops, g1 gc, bsd-amd64)
Heap:
 garbage-first heap   total 262144K, used 31744K [0x0000000700000000, 0x0000000800000000)
  region size 1024K, 26 young (26624K), 4 survivors (4096K)
 Metaspace       used 22589K, capacity 23301K, committed 23552K, reserved 1069056K
  class space    used 2860K, capacity 3203K, committed 3328K, reserved 1048576K
GC Heap History (8 events):
Event: 1.050 GC heap before
{Heap before GC invocations=0 (full 0):
 garbage-first heap   total 262144K, used 23552K [0x0000000700000000, 0x0000000800000000)
  region size 1024K, 24 young (24576K), 0 survivors (0K)
 Metaspace       used 12230K, capacity 12623K, committed 12928K, reserved 1060864K
  class space    used 1222K, capacity 1384K, committed 1408K, reserved 1048576K
}
Event: 1.064 GC heap after
{Heap after GC invocations=1 (full 0):
 garbage-first heap   total 262144K, used 4079K [0x0000000700000000, 0x0000000800000000)
  region size 1024K, 3 young (3072K), 3 survivors (3072K)
 Metaspace       used 12230K, capacity 12623K, committed 12928K, reserved 1060864K
  class space    used 1222K, capacity 1384K, committed 1408K, reserved 1048576K
}
Event: 1.927 GC heap before
{Heap before GC invocations=1 (full 0):
 garbage-first heap   total 262144K, used 77807K [0x0000000700000000, 0x0000000800000000)
  region size 1024K, 76 young (77824K), 3 survivors (3072K)
 Metaspace       used 20361K, capacity 21070K, committed 21248K, reserved 1067008K
  class space    used 2627K, capacity 2954K, committed 3072K, reserved 1048576K
}
Event: 1.947 GC heap after
{Heap after GC invocations=2 (full 0):
 garbage-first heap   total 262144K, used 7311K [0x0000000700000000, 0x0000000800000000)
  region size 1024K, 7 young (7168K), 7 survivors (7168K)
 Metaspace       used 20361K, capacity 21070K, committed 21248K, reserved 1067008K
  class space    used 2627K, capacity 2954K, committed 3072K, reserved 1048576K
}
Event: 5.245 GC heap before
{Heap before GC invocations=3 (full 0):
 garbage-first heap   total 262144K, used 45199K [0x0000000700000000, 0x0000000800000000)
  region size 1024K, 42 young (43008K), 7 survivors (7168K)
 Metaspace       used 22337K, capacity 23106K, committed 23296K, reserved 1069056K
  class space    used 2860K, capacity 3203K, committed 3328K, reserved 1048576K
}
Event: 5.275 GC heap after
{Heap after GC invocations=4 (full 0):
 garbage-first heap   total 262144K, used 10216K [0x0000000700000000, 0x0000000800000000)
  region size 1024K, 4 young (4096K), 4 survivors (4096K)
 Metaspace       used 22337K, capacity 23106K, committed 23296K, reserved 1069056K
  class space    used 2860K, capacity 3203K, committed 3328K, reserved 1048576K
}
Event: 11.207 GC heap before
{Heap before GC invocations=4 (full 0):
 garbage-first heap   total 262144K, used 106472K [0x0000000700000000, 0x0000000800000000)
  region size 1024K, 98 young (100352K), 4 survivors (4096K)
 Metaspace       used 22564K, capacity 23301K, committed 23552K, reserved 1069056K
  class space    used 2860K, capacity 3203K, committed 3328K, reserved 1048576K
}
Event: 11.219 GC heap after
{Heap after GC invocations=5 (full 0):
 garbage-first heap   total 262144K, used 10240K [0x0000000700000000, 0x0000000800000000)
  region size 1024K, 4 young (4096K), 4 survivors (4096K)
 Metaspace       used 22564K, capacity 23301K, committed 23552K, reserved 1069056K
  class space    used 2860K, capacity 3203K, committed 3328K, reserved 1048576K
}

